This file contains any messages produced by compilers while
running configure, to aid debugging if configure makes a mistake.

It was created by python configure 2.7, which was
generated by GNU Autoconf 2.69.  Invocation command line was

  $ /Users/nomorgan/CODE/stella/workspace/feature_darwin/macos/python-2_7_9-src/configure --prefix=/Users/nomorgan/CODE/stella/workspace/feature_darwin/macos/python/2_7_9

## --------- ##
## Platform. ##
## --------- ##

hostname = ether.studio-etrange.podzone.net
uname -m = x86_64
uname -r = 14.3.0
uname -s = Darwin
uname -v = Darwin Kernel Version 14.3.0: Mon Mar 23 11:59:05 PDT 2015; root:xnu-2782.20.48~5/RELEASE_X86_64

/usr/bin/uname -p = i386
/bin/uname -X     = unknown

/bin/arch              = unknown
/usr/bin/arch -k       = unknown
/usr/convex/getsysinfo = unknown
/usr/bin/hostinfo      = Mach kernel version:
	 Darwin Kernel Version 14.3.0: Mon Mar 23 11:59:05 PDT 2015; root:xnu-2782.20.48~5/RELEASE_X86_64
Kernel configured for up to 8 processors.
4 processors are physically available.
8 processors are logically available.
Processor type: i486 (Intel 80486)
Processors active: 0 1 2 3 4 5 6 7
Primary memory available: 16.00 gigabytes
Default processor set: 234 tasks, 1198 threads, 8 processors
Load average: 1.98, Mach factor: 6.01
/bin/machine           = unknown
/usr/bin/oslevel       = unknown
/bin/universe          = unknown

PATH: /Users/nomorgan/anaconda/bin
PATH: /Library/Frameworks/Python.framework/Versions/2.7/bin
PATH: /Library/Frameworks/Python.framework/Versions/3.4/bin
PATH: /usr/local/bin
PATH: /usr/bin
PATH: /bin
PATH: /usr/sbin
PATH: /sbin
PATH: /opt/X11/bin
PATH: /usr/local/git/bin
PATH: /usr/local/go/bin


## ----------- ##
## Core tests. ##
## ----------- ##

configure:2795: checking build system type
configure:2809: result: x86_64-apple-darwin14.3.0
configure:2829: checking host system type
configure:2842: result: x86_64-apple-darwin14.3.0
configure:2953: checking for --enable-universalsdk
configure:2994: result: no
configure:3004: checking for --with-universal-archs
configure:3021: result: 32-bit
configure:3178: checking MACHDEP
configure:3370: result: darwin
configure:3376: checking EXTRAPLATDIR
configure:3391: result: $(PLATMACDIRS)
configure:3412: checking for --without-gcc
configure:3456: result: no
configure:3550: checking for gcc
configure:3566: found /usr/bin/gcc
configure:3577: result: gcc
configure:3806: checking for C compiler version
configure:3815: gcc --version >&5
Apple LLVM version 6.1.0 (clang-602.0.49) (based on LLVM 3.6.0svn)
Target: x86_64-apple-darwin14.3.0
Thread model: posix
Configured with: --prefix=/Applications/Xcode.app/Contents/Developer/usr --with-gxx-include-dir=/Applications/Xcode.app/Contents/Developer/Platforms/MacOSX.platform/Developer/SDKs/MacOSX10.10.sdk/usr/include/c++/4.2.1
configure:3826: $? = 0
configure:3815: gcc -v >&5
Configured with: --prefix=/Applications/Xcode.app/Contents/Developer/usr --with-gxx-include-dir=/Applications/Xcode.app/Contents/Developer/Platforms/MacOSX.platform/Developer/SDKs/MacOSX10.10.sdk/usr/include/c++/4.2.1
Apple LLVM version 6.1.0 (clang-602.0.49) (based on LLVM 3.6.0svn)
Target: x86_64-apple-darwin14.3.0
Thread model: posix
configure:3826: $? = 0
configure:3815: gcc -V >&5
clang: error: argument to '-V' is missing (expected 1 value)
clang: error: no input files
configure:3826: $? = 1
configure:3815: gcc -qversion >&5
clang: error: unknown argument: '-qversion'
clang: error: no input files
configure:3826: $? = 1
configure:3846: checking whether the C compiler works
configure:3868: gcc  -I/Users/nomorgan/CODE/stella/workspace/feature_darwin/macos/zlib/1_2_8/include -L/Users/nomorgan/CODE/stella/workspace/feature_darwin/macos/zlib/1_2_8 -lz conftest.c  >&5
configure:3872: $? = 0
configure:3920: result: yes
configure:3923: checking for C compiler default output file name
configure:3925: result: a.out
configure:3931: checking for suffix of executables
configure:3938: gcc -o conftest  -I/Users/nomorgan/CODE/stella/workspace/feature_darwin/macos/zlib/1_2_8/include -L/Users/nomorgan/CODE/stella/workspace/feature_darwin/macos/zlib/1_2_8 -lz conftest.c  >&5
configure:3942: $? = 0
configure:3964: result: 
configure:3986: checking whether we are cross compiling
configure:3994: gcc -o conftest  -I/Users/nomorgan/CODE/stella/workspace/feature_darwin/macos/zlib/1_2_8/include -L/Users/nomorgan/CODE/stella/workspace/feature_darwin/macos/zlib/1_2_8 -lz conftest.c  >&5
configure:3998: $? = 0
configure:4005: ./conftest
configure:4009: $? = 0
configure:4024: result: no
configure:4029: checking for suffix of object files
configure:4051: gcc -c  -I/Users/nomorgan/CODE/stella/workspace/feature_darwin/macos/zlib/1_2_8/include conftest.c >&5
configure:4055: $? = 0
configure:4076: result: o
configure:4080: checking whether we are using the GNU C compiler
configure:4099: gcc -c  -I/Users/nomorgan/CODE/stella/workspace/feature_darwin/macos/zlib/1_2_8/include conftest.c >&5
configure:4099: $? = 0
configure:4108: result: yes
configure:4117: checking whether gcc accepts -g
configure:4137: gcc -c -g -I/Users/nomorgan/CODE/stella/workspace/feature_darwin/macos/zlib/1_2_8/include conftest.c >&5
configure:4137: $? = 0
configure:4178: result: yes
configure:4195: checking for gcc option to accept ISO C89
configure:4258: gcc  -c -g -O2 -I/Users/nomorgan/CODE/stella/workspace/feature_darwin/macos/zlib/1_2_8/include conftest.c >&5
configure:4258: $? = 0
configure:4271: result: none needed
configure:4298: checking for --with-cxx-main=<compiler>
configure:4324: result: no
configure:4377: checking for g++
configure:4410: result: no
configure:4646: WARNING:

  By default, distutils will build C++ extension modules with "g++".
  If this is not intended, then set CXX on the configure command line.
  
configure:4665: checking how to run the C preprocessor
configure:4696: gcc -E -I/Users/nomorgan/CODE/stella/workspace/feature_darwin/macos/zlib/1_2_8/include conftest.c
configure:4696: $? = 0
configure:4710: gcc -E -I/Users/nomorgan/CODE/stella/workspace/feature_darwin/macos/zlib/1_2_8/include conftest.c
conftest.c:8:10: fatal error: 'ac_nonexistent.h' file not found
#include <ac_nonexistent.h>
         ^
1 error generated.
configure:4710: $? = 1
configure: failed program was:
| /* confdefs.h */
| #define _GNU_SOURCE 1
| #define _NETBSD_SOURCE 1
| #define __BSD_VISIBLE 1
| #define _BSD_TYPES 1
| #define _DARWIN_C_SOURCE 1
| /* end confdefs.h.  */
| #include <ac_nonexistent.h>
configure:4735: result: gcc -E
configure:4755: gcc -E -I/Users/nomorgan/CODE/stella/workspace/feature_darwin/macos/zlib/1_2_8/include conftest.c
configure:4755: $? = 0
configure:4769: gcc -E -I/Users/nomorgan/CODE/stella/workspace/feature_darwin/macos/zlib/1_2_8/include conftest.c
conftest.c:8:10: fatal error: 'ac_nonexistent.h' file not found
#include <ac_nonexistent.h>
         ^
1 error generated.
configure:4769: $? = 1
configure: failed program was:
| /* confdefs.h */
| #define _GNU_SOURCE 1
| #define _NETBSD_SOURCE 1
| #define __BSD_VISIBLE 1
| #define _BSD_TYPES 1
| #define _DARWIN_C_SOURCE 1
| /* end confdefs.h.  */
| #include <ac_nonexistent.h>
configure:4798: checking for grep that handles long lines and -e
configure:4856: result: /usr/bin/grep
configure:4861: checking for egrep
configure:4923: result: /usr/bin/grep -E
configure:4928: checking for ANSI C header files
configure:4948: gcc -c -g -O2 -I/Users/nomorgan/CODE/stella/workspace/feature_darwin/macos/zlib/1_2_8/include conftest.c >&5
configure:4948: $? = 0
configure:5021: gcc -o conftest -g -O2 -I/Users/nomorgan/CODE/stella/workspace/feature_darwin/macos/zlib/1_2_8/include -L/Users/nomorgan/CODE/stella/workspace/feature_darwin/macos/zlib/1_2_8 -lz conftest.c  >&5
configure:5021: $? = 0
configure:5021: ./conftest
configure:5021: $? = 0
configure:5032: result: yes
configure:5045: checking for sys/types.h
configure:5045: gcc -c -g -O2 -I/Users/nomorgan/CODE/stella/workspace/feature_darwin/macos/zlib/1_2_8/include conftest.c >&5
configure:5045: $? = 0
configure:5045: result: yes
configure:5045: checking for sys/stat.h
configure:5045: gcc -c -g -O2 -I/Users/nomorgan/CODE/stella/workspace/feature_darwin/macos/zlib/1_2_8/include conftest.c >&5
configure:5045: $? = 0
configure:5045: result: yes
configure:5045: checking for stdlib.h
configure:5045: gcc -c -g -O2 -I/Users/nomorgan/CODE/stella/workspace/feature_darwin/macos/zlib/1_2_8/include conftest.c >&5
configure:5045: $? = 0
configure:5045: result: yes
configure:5045: checking for string.h
configure:5045: gcc -c -g -O2 -I/Users/nomorgan/CODE/stella/workspace/feature_darwin/macos/zlib/1_2_8/include conftest.c >&5
configure:5045: $? = 0
configure:5045: result: yes
configure:5045: checking for memory.h
configure:5045: gcc -c -g -O2 -I/Users/nomorgan/CODE/stella/workspace/feature_darwin/macos/zlib/1_2_8/include conftest.c >&5
configure:5045: $? = 0
configure:5045: result: yes
configure:5045: checking for strings.h
configure:5045: gcc -c -g -O2 -I/Users/nomorgan/CODE/stella/workspace/feature_darwin/macos/zlib/1_2_8/include conftest.c >&5
configure:5045: $? = 0
configure:5045: result: yes
configure:5045: checking for inttypes.h
configure:5045: gcc -c -g -O2 -I/Users/nomorgan/CODE/stella/workspace/feature_darwin/macos/zlib/1_2_8/include conftest.c >&5
configure:5045: $? = 0
configure:5045: result: yes
configure:5045: checking for stdint.h
configure:5045: gcc -c -g -O2 -I/Users/nomorgan/CODE/stella/workspace/feature_darwin/macos/zlib/1_2_8/include conftest.c >&5
configure:5045: $? = 0
configure:5045: result: yes
configure:5045: checking for unistd.h
configure:5045: gcc -c -g -O2 -I/Users/nomorgan/CODE/stella/workspace/feature_darwin/macos/zlib/1_2_8/include conftest.c >&5
configure:5045: $? = 0
configure:5045: result: yes
configure:5058: checking minix/config.h usability
configure:5058: gcc -c -g -O2 -I/Users/nomorgan/CODE/stella/workspace/feature_darwin/macos/zlib/1_2_8/include conftest.c >&5
conftest.c:51:10: fatal error: 'minix/config.h' file not found
#include <minix/config.h>
         ^
1 error generated.
configure:5058: $? = 1
configure: failed program was:
| /* confdefs.h */
| #define _GNU_SOURCE 1
| #define _NETBSD_SOURCE 1
| #define __BSD_VISIBLE 1
| #define _BSD_TYPES 1
| #define _DARWIN_C_SOURCE 1
| #define STDC_HEADERS 1
| #define HAVE_SYS_TYPES_H 1
| #define HAVE_SYS_STAT_H 1
| #define HAVE_STDLIB_H 1
| #define HAVE_STRING_H 1
| #define HAVE_MEMORY_H 1
| #define HAVE_STRINGS_H 1
| #define HAVE_INTTYPES_H 1
| #define HAVE_STDINT_H 1
| #define HAVE_UNISTD_H 1
| /* end confdefs.h.  */
| #include <stdio.h>
| #ifdef HAVE_SYS_TYPES_H
| # include <sys/types.h>
| #endif
| #ifdef HAVE_SYS_STAT_H
| # include <sys/stat.h>
| #endif
| #ifdef STDC_HEADERS
| # include <stdlib.h>
| # include <stddef.h>
| #else
| # ifdef HAVE_STDLIB_H
| #  include <stdlib.h>
| # endif
| #endif
| #ifdef HAVE_STRING_H
| # if !defined STDC_HEADERS && defined HAVE_MEMORY_H
| #  include <memory.h>
| # endif
| # include <string.h>
| #endif
| #ifdef HAVE_STRINGS_H
| # include <strings.h>
| #endif
| #ifdef HAVE_INTTYPES_H
| # include <inttypes.h>
| #endif
| #ifdef HAVE_STDINT_H
| # include <stdint.h>
| #endif
| #ifdef HAVE_UNISTD_H
| # include <unistd.h>
| #endif
| #include <minix/config.h>
configure:5058: result: no
configure:5058: checking minix/config.h presence
configure:5058: gcc -E -I/Users/nomorgan/CODE/stella/workspace/feature_darwin/macos/zlib/1_2_8/include conftest.c
conftest.c:18:10: fatal error: 'minix/config.h' file not found
#include <minix/config.h>
         ^
1 error generated.
configure:5058: $? = 1
configure: failed program was:
| /* confdefs.h */
| #define _GNU_SOURCE 1
| #define _NETBSD_SOURCE 1
| #define __BSD_VISIBLE 1
| #define _BSD_TYPES 1
| #define _DARWIN_C_SOURCE 1
| #define STDC_HEADERS 1
| #define HAVE_SYS_TYPES_H 1
| #define HAVE_SYS_STAT_H 1
| #define HAVE_STDLIB_H 1
| #define HAVE_STRING_H 1
| #define HAVE_MEMORY_H 1
| #define HAVE_STRINGS_H 1
| #define HAVE_INTTYPES_H 1
| #define HAVE_STDINT_H 1
| #define HAVE_UNISTD_H 1
| /* end confdefs.h.  */
| #include <minix/config.h>
configure:5058: result: no
configure:5058: checking for minix/config.h
configure:5058: result: no
configure:5079: checking whether it is safe to define __EXTENSIONS__
configure:5097: gcc -c -g -O2 -I/Users/nomorgan/CODE/stella/workspace/feature_darwin/macos/zlib/1_2_8/include conftest.c >&5
configure:5097: $? = 0
configure:5104: result: yes
configure:5128: checking for --with-suffix
configure:5141: result: 
configure:5147: checking for case-insensitive build directory
configure:5155: result: yes
configure:5187: checking LIBRARY
configure:5193: result: libpython$(VERSION).a
configure:5229: checking LINKCC
configure:5248: result: $(PURIFY) $(MAINCC)
configure:5257: checking for GNU ld
configure:5269: result: no
configure:5272: checking for --enable-shared
configure:5289: result: no
configure:5292: checking for --enable-profiling
configure:5317: result: no
configure:5325: checking LDLIBRARY
configure:5419: result: libpython$(VERSION).a
configure:5465: checking for ranlib
configure:5481: found /usr/bin/ranlib
configure:5492: result: ranlib
configure:5564: checking for ar
configure:5580: found /usr/bin/ar
configure:5591: result: ar
configure:5626: checking for svnversion
configure:5642: found /usr/bin/svnversion
configure:5654: result: found
configure:5688: checking for hg
configure:5716: result: not-found
configure:5757: checking for a BSD-compatible install
configure:5825: result: /usr/bin/install -c
configure:5836: checking for a thread-safe mkdir -p
configure:5875: result: /Users/nomorgan/CODE/stella/workspace/feature_darwin/macos/python-2_7_9-src/install-sh -c -d
configure:5891: checking for --with-pydebug
configure:5909: result: no
configure:5986: checking whether gcc accepts -fno-strict-aliasing
configure:6004: gcc -fno-strict-aliasing -c -g -O2 -I/Users/nomorgan/CODE/stella/workspace/feature_darwin/macos/zlib/1_2_8/include conftest.c >&5
configure:6004: $? = 0
configure:6013: result: yes
configure:6039: checking which compiler should be used
configure:6050: result: gcc
configure:6184: checking whether gcc accepts -OPT:Olimit=0
configure:6202: gcc -OPT:Olimit=0 -c -g -O2 -I/Users/nomorgan/CODE/stella/workspace/feature_darwin/macos/zlib/1_2_8/include conftest.c >&5
configure:6202: $? = 0
configure:6212: result: yes
configure:6276: checking whether gcc supports ParseTuple __format__
configure:6293: gcc -c -g -O2 -Werror -Wformat -I/Users/nomorgan/CODE/stella/workspace/feature_darwin/macos/zlib/1_2_8/include conftest.c >&5
conftest.c:24:35: error: 'format' attribute argument not supported: PyArg_ParseTuple [-Werror,-Wignored-attributes]
    void f(char*,...)__attribute((format(PyArg_ParseTuple, 1, 2)));
                                  ^
1 error generated.
configure:6293: $? = 1
configure: failed program was:
| /* confdefs.h */
| #define _GNU_SOURCE 1
| #define _NETBSD_SOURCE 1
| #define __BSD_VISIBLE 1
| #define _BSD_TYPES 1
| #define _DARWIN_C_SOURCE 1
| #define STDC_HEADERS 1
| #define HAVE_SYS_TYPES_H 1
| #define HAVE_SYS_STAT_H 1
| #define HAVE_STDLIB_H 1
| #define HAVE_STRING_H 1
| #define HAVE_MEMORY_H 1
| #define HAVE_STRINGS_H 1
| #define HAVE_INTTYPES_H 1
| #define HAVE_STDINT_H 1
| #define HAVE_UNISTD_H 1
| #define __EXTENSIONS__ 1
| #define _ALL_SOURCE 1
| #define _GNU_SOURCE 1
| #define _POSIX_PTHREAD_SEMANTICS 1
| #define _TANDEM_SOURCE 1
| /* end confdefs.h.  */
| 
|     void f(char*,...)__attribute((format(PyArg_ParseTuple, 1, 2)));
| int
| main ()
| {
| 
|   ;
|   return 0;
| }
| 
configure:6303: result: no
configure:6316: checking whether pthreads are available without options
configure:6341: gcc -o conftest -g -O2 -I/Users/nomorgan/CODE/stella/workspace/feature_darwin/macos/zlib/1_2_8/include -L/Users/nomorgan/CODE/stella/workspace/feature_darwin/macos/zlib/1_2_8 -lz conftest.c  >&5
configure:6341: $? = 0
configure:6341: ./conftest
configure:6341: $? = 0
configure:6357: result: yes
configure:6518: checking whether g++ also accepts flags for thread support
configure:6549: result: no
configure:6556: checking for ANSI C header files
configure:6660: result: yes
configure:6682: checking asm/types.h usability
configure:6682: gcc -c -g -O2 -I/Users/nomorgan/CODE/stella/workspace/feature_darwin/macos/zlib/1_2_8/include conftest.c >&5
conftest.c:57:10: fatal error: 'asm/types.h' file not found
#include <asm/types.h>
         ^
1 error generated.
configure:6682: $? = 1
configure: failed program was:
| /* confdefs.h */
| #define _GNU_SOURCE 1
| #define _NETBSD_SOURCE 1
| #define __BSD_VISIBLE 1
| #define _BSD_TYPES 1
| #define _DARWIN_C_SOURCE 1
| #define STDC_HEADERS 1
| #define HAVE_SYS_TYPES_H 1
| #define HAVE_SYS_STAT_H 1
| #define HAVE_STDLIB_H 1
| #define HAVE_STRING_H 1
| #define HAVE_MEMORY_H 1
| #define HAVE_STRINGS_H 1
| #define HAVE_INTTYPES_H 1
| #define HAVE_STDINT_H 1
| #define HAVE_UNISTD_H 1
| #define __EXTENSIONS__ 1
| #define _ALL_SOURCE 1
| #define _GNU_SOURCE 1
| #define _POSIX_PTHREAD_SEMANTICS 1
| #define _TANDEM_SOURCE 1
| #define STDC_HEADERS 1
| /* end confdefs.h.  */
| #include <stdio.h>
| #ifdef HAVE_SYS_TYPES_H
| # include <sys/types.h>
| #endif
| #ifdef HAVE_SYS_STAT_H
| # include <sys/stat.h>
| #endif
| #ifdef STDC_HEADERS
| # include <stdlib.h>
| # include <stddef.h>
| #else
| # ifdef HAVE_STDLIB_H
| #  include <stdlib.h>
| # endif
| #endif
| #ifdef HAVE_STRING_H
| # if !defined STDC_HEADERS && defined HAVE_MEMORY_H
| #  include <memory.h>
| # endif
| # include <string.h>
| #endif
| #ifdef HAVE_STRINGS_H
| # include <strings.h>
| #endif
| #ifdef HAVE_INTTYPES_H
| # include <inttypes.h>
| #endif
| #ifdef HAVE_STDINT_H
| # include <stdint.h>
| #endif
| #ifdef HAVE_UNISTD_H
| # include <unistd.h>
| #endif
| #include <asm/types.h>
configure:6682: result: no
configure:6682: checking asm/types.h presence
configure:6682: gcc -E -I/Users/nomorgan/CODE/stella/workspace/feature_darwin/macos/zlib/1_2_8/include conftest.c
conftest.c:24:10: fatal error: 'asm/types.h' file not found
#include <asm/types.h>
         ^
1 error generated.
configure:6682: $? = 1
configure: failed program was:
| /* confdefs.h */
| #define _GNU_SOURCE 1
| #define _NETBSD_SOURCE 1
| #define __BSD_VISIBLE 1
| #define _BSD_TYPES 1
| #define _DARWIN_C_SOURCE 1
| #define STDC_HEADERS 1
| #define HAVE_SYS_TYPES_H 1
| #define HAVE_SYS_STAT_H 1
| #define HAVE_STDLIB_H 1
| #define HAVE_STRING_H 1
| #define HAVE_MEMORY_H 1
| #define HAVE_STRINGS_H 1
| #define HAVE_INTTYPES_H 1
| #define HAVE_STDINT_H 1
| #define HAVE_UNISTD_H 1
| #define __EXTENSIONS__ 1
| #define _ALL_SOURCE 1
| #define _GNU_SOURCE 1
| #define _POSIX_PTHREAD_SEMANTICS 1
| #define _TANDEM_SOURCE 1
| #define STDC_HEADERS 1
| /* end confdefs.h.  */
| #include <asm/types.h>
configure:6682: result: no
configure:6682: checking for asm/types.h
configure:6682: result: no
configure:6682: checking conio.h usability
configure:6682: gcc -c -g -O2 -I/Users/nomorgan/CODE/stella/workspace/feature_darwin/macos/zlib/1_2_8/include conftest.c >&5
conftest.c:57:10: fatal error: 'conio.h' file not found
#include <conio.h>
         ^
1 error generated.
configure:6682: $? = 1
configure: failed program was:
| /* confdefs.h */
| #define _GNU_SOURCE 1
| #define _NETBSD_SOURCE 1
| #define __BSD_VISIBLE 1
| #define _BSD_TYPES 1
| #define _DARWIN_C_SOURCE 1
| #define STDC_HEADERS 1
| #define HAVE_SYS_TYPES_H 1
| #define HAVE_SYS_STAT_H 1
| #define HAVE_STDLIB_H 1
| #define HAVE_STRING_H 1
| #define HAVE_MEMORY_H 1
| #define HAVE_STRINGS_H 1
| #define HAVE_INTTYPES_H 1
| #define HAVE_STDINT_H 1
| #define HAVE_UNISTD_H 1
| #define __EXTENSIONS__ 1
| #define _ALL_SOURCE 1
| #define _GNU_SOURCE 1
| #define _POSIX_PTHREAD_SEMANTICS 1
| #define _TANDEM_SOURCE 1
| #define STDC_HEADERS 1
| /* end confdefs.h.  */
| #include <stdio.h>
| #ifdef HAVE_SYS_TYPES_H
| # include <sys/types.h>
| #endif
| #ifdef HAVE_SYS_STAT_H
| # include <sys/stat.h>
| #endif
| #ifdef STDC_HEADERS
| # include <stdlib.h>
| # include <stddef.h>
| #else
| # ifdef HAVE_STDLIB_H
| #  include <stdlib.h>
| # endif
| #endif
| #ifdef HAVE_STRING_H
| # if !defined STDC_HEADERS && defined HAVE_MEMORY_H
| #  include <memory.h>
| # endif
| # include <string.h>
| #endif
| #ifdef HAVE_STRINGS_H
| # include <strings.h>
| #endif
| #ifdef HAVE_INTTYPES_H
| # include <inttypes.h>
| #endif
| #ifdef HAVE_STDINT_H
| # include <stdint.h>
| #endif
| #ifdef HAVE_UNISTD_H
| # include <unistd.h>
| #endif
| #include <conio.h>
configure:6682: result: no
configure:6682: checking conio.h presence
configure:6682: gcc -E -I/Users/nomorgan/CODE/stella/workspace/feature_darwin/macos/zlib/1_2_8/include conftest.c
conftest.c:24:10: fatal error: 'conio.h' file not found
#include <conio.h>
         ^
1 error generated.
configure:6682: $? = 1
configure: failed program was:
| /* confdefs.h */
| #define _GNU_SOURCE 1
| #define _NETBSD_SOURCE 1
| #define __BSD_VISIBLE 1
| #define _BSD_TYPES 1
| #define _DARWIN_C_SOURCE 1
| #define STDC_HEADERS 1
| #define HAVE_SYS_TYPES_H 1
| #define HAVE_SYS_STAT_H 1
| #define HAVE_STDLIB_H 1
| #define HAVE_STRING_H 1
| #define HAVE_MEMORY_H 1
| #define HAVE_STRINGS_H 1
| #define HAVE_INTTYPES_H 1
| #define HAVE_STDINT_H 1
| #define HAVE_UNISTD_H 1
| #define __EXTENSIONS__ 1
| #define _ALL_SOURCE 1
| #define _GNU_SOURCE 1
| #define _POSIX_PTHREAD_SEMANTICS 1
| #define _TANDEM_SOURCE 1
| #define STDC_HEADERS 1
| /* end confdefs.h.  */
| #include <conio.h>
configure:6682: result: no
configure:6682: checking for conio.h
configure:6682: result: no
configure:6682: checking direct.h usability
configure:6682: gcc -c -g -O2 -I/Users/nomorgan/CODE/stella/workspace/feature_darwin/macos/zlib/1_2_8/include conftest.c >&5
conftest.c:57:10: fatal error: 'direct.h' file not found
#include <direct.h>
         ^
1 error generated.
configure:6682: $? = 1
configure: failed program was:
| /* confdefs.h */
| #define _GNU_SOURCE 1
| #define _NETBSD_SOURCE 1
| #define __BSD_VISIBLE 1
| #define _BSD_TYPES 1
| #define _DARWIN_C_SOURCE 1
| #define STDC_HEADERS 1
| #define HAVE_SYS_TYPES_H 1
| #define HAVE_SYS_STAT_H 1
| #define HAVE_STDLIB_H 1
| #define HAVE_STRING_H 1
| #define HAVE_MEMORY_H 1
| #define HAVE_STRINGS_H 1
| #define HAVE_INTTYPES_H 1
| #define HAVE_STDINT_H 1
| #define HAVE_UNISTD_H 1
| #define __EXTENSIONS__ 1
| #define _ALL_SOURCE 1
| #define _GNU_SOURCE 1
| #define _POSIX_PTHREAD_SEMANTICS 1
| #define _TANDEM_SOURCE 1
| #define STDC_HEADERS 1
| /* end confdefs.h.  */
| #include <stdio.h>
| #ifdef HAVE_SYS_TYPES_H
| # include <sys/types.h>
| #endif
| #ifdef HAVE_SYS_STAT_H
| # include <sys/stat.h>
| #endif
| #ifdef STDC_HEADERS
| # include <stdlib.h>
| # include <stddef.h>
| #else
| # ifdef HAVE_STDLIB_H
| #  include <stdlib.h>
| # endif
| #endif
| #ifdef HAVE_STRING_H
| # if !defined STDC_HEADERS && defined HAVE_MEMORY_H
| #  include <memory.h>
| # endif
| # include <string.h>
| #endif
| #ifdef HAVE_STRINGS_H
| # include <strings.h>
| #endif
| #ifdef HAVE_INTTYPES_H
| # include <inttypes.h>
| #endif
| #ifdef HAVE_STDINT_H
| # include <stdint.h>
| #endif
| #ifdef HAVE_UNISTD_H
| # include <unistd.h>
| #endif
| #include <direct.h>
configure:6682: result: no
configure:6682: checking direct.h presence
configure:6682: gcc -E -I/Users/nomorgan/CODE/stella/workspace/feature_darwin/macos/zlib/1_2_8/include conftest.c
conftest.c:24:10: fatal error: 'direct.h' file not found
#include <direct.h>
         ^
1 error generated.
configure:6682: $? = 1
configure: failed program was:
| /* confdefs.h */
| #define _GNU_SOURCE 1
| #define _NETBSD_SOURCE 1
| #define __BSD_VISIBLE 1
| #define _BSD_TYPES 1
| #define _DARWIN_C_SOURCE 1
| #define STDC_HEADERS 1
| #define HAVE_SYS_TYPES_H 1
| #define HAVE_SYS_STAT_H 1
| #define HAVE_STDLIB_H 1
| #define HAVE_STRING_H 1
| #define HAVE_MEMORY_H 1
| #define HAVE_STRINGS_H 1
| #define HAVE_INTTYPES_H 1
| #define HAVE_STDINT_H 1
| #define HAVE_UNISTD_H 1
| #define __EXTENSIONS__ 1
| #define _ALL_SOURCE 1
| #define _GNU_SOURCE 1
| #define _POSIX_PTHREAD_SEMANTICS 1
| #define _TANDEM_SOURCE 1
| #define STDC_HEADERS 1
| /* end confdefs.h.  */
| #include <direct.h>
configure:6682: result: no
configure:6682: checking for direct.h
configure:6682: result: no
configure:6682: checking dlfcn.h usability
configure:6682: gcc -c -g -O2 -I/Users/nomorgan/CODE/stella/workspace/feature_darwin/macos/zlib/1_2_8/include conftest.c >&5

## ---------------- ##
## Cache variables. ##
## ---------------- ##

ac_cv_build=x86_64-apple-darwin14.3.0
ac_cv_c_compiler_gnu=yes
ac_cv_cxx_thread=no
ac_cv_env_CC_set=
ac_cv_env_CC_value=
ac_cv_env_CFLAGS_set=
ac_cv_env_CFLAGS_value=
ac_cv_env_CPPFLAGS_set=set
ac_cv_env_CPPFLAGS_value=-I/Users/nomorgan/CODE/stella/workspace/feature_darwin/macos/zlib/1_2_8/include
ac_cv_env_CPP_set=
ac_cv_env_CPP_value=
ac_cv_env_LDFLAGS_set=set
ac_cv_env_LDFLAGS_value='-L/Users/nomorgan/CODE/stella/workspace/feature_darwin/macos/zlib/1_2_8 -lz'
ac_cv_env_LIBS_set=
ac_cv_env_LIBS_value=
ac_cv_env_build_alias_set=
ac_cv_env_build_alias_value=
ac_cv_env_host_alias_set=
ac_cv_env_host_alias_value=
ac_cv_env_target_alias_set=
ac_cv_env_target_alias_value=
ac_cv_header_asm_types_h=no
ac_cv_header_conio_h=no
ac_cv_header_direct_h=no
ac_cv_header_inttypes_h=yes
ac_cv_header_memory_h=yes
ac_cv_header_minix_config_h=no
ac_cv_header_stdc=yes
ac_cv_header_stdint_h=yes
ac_cv_header_stdlib_h=yes
ac_cv_header_string_h=yes
ac_cv_header_strings_h=yes
ac_cv_header_sys_stat_h=yes
ac_cv_header_sys_types_h=yes
ac_cv_header_unistd_h=yes
ac_cv_host=x86_64-apple-darwin14.3.0
ac_cv_kpthread=no
ac_cv_kthread=no
ac_cv_no_strict_aliasing_ok=yes
ac_cv_objext=o
ac_cv_opt_olimit_ok=yes
ac_cv_path_EGREP='/usr/bin/grep -E'
ac_cv_path_GREP=/usr/bin/grep
ac_cv_path_install='/usr/bin/install -c'
ac_cv_prog_CPP='gcc -E'
ac_cv_prog_HAS_HG=not-found
ac_cv_prog_SVNVERSION=found
ac_cv_prog_ac_ct_AR=ar
ac_cv_prog_ac_ct_CC=gcc
ac_cv_prog_ac_ct_RANLIB=ranlib
ac_cv_prog_cc_c89=
ac_cv_prog_cc_g=yes
ac_cv_pthread=no
ac_cv_pthread_is_default=yes
ac_cv_safe_to_define___extensions__=yes

## ----------------- ##
## Output variables. ##
## ----------------- ##

AR='ar'
ARCH_RUN_32BIT=''
ARFLAGS='rc'
BASECFLAGS=' -fno-strict-aliasing'
BASECPPFLAGS=''
BLDLIBRARY='$(LDLIBRARY)'
BLDSHARED=''
BUILDEXEEXT='.exe'
CC='gcc'
CCSHARED=''
CFLAGS='-g -O2'
CFLAGSFORSHARED=''
CONFIGURE_MACOSX_DEPLOYMENT_TARGET='10.4'
CONFIG_ARGS=' '\''--prefix=/Users/nomorgan/CODE/stella/workspace/feature_darwin/macos/python/2_7_9'\'' '\''LDFLAGS=-L/Users/nomorgan/CODE/stella/workspace/feature_darwin/macos/zlib/1_2_8 -lz'\'' '\''CPPFLAGS=-I/Users/nomorgan/CODE/stella/workspace/feature_darwin/macos/zlib/1_2_8/include'\'''
CPP='gcc -E'
CPPFLAGS='-I/Users/nomorgan/CODE/stella/workspace/feature_darwin/macos/zlib/1_2_8/include'
CXX='g++'
DEFS=''
DLINCLDIR=''
DLLLIBRARY=''
DYNLOADFILE=''
ECHO_C='\c'
ECHO_N=''
ECHO_T=''
EGREP='/usr/bin/grep -E'
ENSUREPIP=''
EXEEXT=''
EXPORT_MACOSX_DEPLOYMENT_TARGET=''
EXTRAMACHDEPPATH='$(PLATMACPATH)'
EXTRAPLATDIR='$(PLATMACDIRS)'
FRAMEWORKALTINSTALLFIRST=''
FRAMEWORKALTINSTALLLAST=''
FRAMEWORKINSTALLAPPSPREFIX=''
FRAMEWORKINSTALLFIRST=''
FRAMEWORKINSTALLLAST=''
FRAMEWORKUNIXTOOLSPREFIX='/Users/nomorgan/CODE/stella/workspace/feature_darwin/macos/python/2_7_9'
GNULD='no'
GREP='/usr/bin/grep'
HAS_HG='not-found'
HAVE_GETHOSTBYNAME=''
HAVE_GETHOSTBYNAME_R=''
HAVE_GETHOSTBYNAME_R_3_ARG=''
HAVE_GETHOSTBYNAME_R_5_ARG=''
HAVE_GETHOSTBYNAME_R_6_ARG=''
HGBRANCH=''
HGTAG=''
HGVERSION=''
INSTALL_DATA='${INSTALL} -m 644'
INSTALL_PROGRAM='${INSTALL}'
INSTALL_SCRIPT='${INSTALL}'
INSTSONAME='$(LDLIBRARY)'
LDCXXSHARED=''
LDFLAGS='-L/Users/nomorgan/CODE/stella/workspace/feature_darwin/macos/zlib/1_2_8 -lz'
LDLAST=''
LDLIBRARY='libpython$(VERSION).a'
LDLIBRARYDIR=''
LDSHARED=''
LIBC=''
LIBFFI_INCLUDEDIR=''
LIBM=''
LIBOBJS=''
LIBRARY='libpython$(VERSION).a'
LIBS=''
LIBTOOL_CRUFT=''
LINKCC='$(PURIFY) $(MAINCC)'
LINKFORSHARED=''
LIPO_32BIT_FLAGS=''
LN='ln'
LTLIBOBJS=''
MACHDEP='darwin'
MACHDEP_OBJS=''
MAINCC='$(CC)'
MKDIR_P='/Users/nomorgan/CODE/stella/workspace/feature_darwin/macos/python-2_7_9-src/install-sh -c -d'
MULTIARCH=''
OBJEXT='o'
OPT='-DNDEBUG -g -fwrapv -O3 -Wall -Wstrict-prototypes'
OTHER_LIBTOOL_OPT=''
PACKAGE_BUGREPORT='http://bugs.python.org/'
PACKAGE_NAME='python'
PACKAGE_STRING='python 2.7'
PACKAGE_TARNAME='python'
PACKAGE_URL=''
PACKAGE_VERSION='2.7'
PATH_SEPARATOR=':'
PKG_CONFIG=''
PYTHONFRAMEWORK=''
PYTHONFRAMEWORKDIR='no-framework'
PYTHONFRAMEWORKIDENTIFIER='org.python.python'
PYTHONFRAMEWORKINSTALLDIR=''
PYTHONFRAMEWORKPREFIX=''
PYTHON_FOR_BUILD='./$(BUILDPYTHON) -E'
RANLIB='ranlib'
RUNSHARED=''
SGI_ABI=''
SHELL='/bin/sh'
SHLIBS=''
SIGNAL_OBJS=''
SO=''
SOVERSION='1.0'
SRCDIRS=''
SVNVERSION='svnversion $(srcdir)'
TCLTK_INCLUDES=''
TCLTK_LIBS=''
THREADHEADERS=''
THREADOBJ=''
TRUE=''
UNICODE_OBJS=''
UNIVERSALSDK=''
UNIVERSAL_ARCH_FLAGS=''
USE_SIGNAL_MODULE=''
USE_THREAD_MODULE=''
VERSION='2.7'
_PYTHON_HOST_PLATFORM=''
ac_ct_AR='ar'
ac_ct_CC='gcc'
ac_ct_CXX=''
bindir='${exec_prefix}/bin'
build='x86_64-apple-darwin14.3.0'
build_alias=''
build_cpu='x86_64'
build_os='darwin14.3.0'
build_vendor='apple'
datadir='${datarootdir}'
datarootdir='${prefix}/share'
docdir='${datarootdir}/doc/${PACKAGE_TARNAME}'
dvidir='${docdir}'
exec_prefix='NONE'
host='x86_64-apple-darwin14.3.0'
host_alias=''
host_cpu='x86_64'
host_os='darwin14.3.0'
host_vendor='apple'
htmldir='${docdir}'
includedir='${prefix}/include'
infodir='${datarootdir}/info'
libdir='${exec_prefix}/lib'
libexecdir='${exec_prefix}/libexec'
localedir='${datarootdir}/locale'
localstatedir='${prefix}/var'
mandir='${datarootdir}/man'
oldincludedir='/usr/include'
pdfdir='${docdir}'
prefix='/Users/nomorgan/CODE/stella/workspace/feature_darwin/macos/python/2_7_9'
program_transform_name='s,x,x,'
psdir='${docdir}'
sbindir='${exec_prefix}/sbin'
sharedstatedir='${prefix}/com'
sysconfdir='${prefix}/etc'
target_alias=''

## ----------- ##
## confdefs.h. ##
## ----------- ##

/* confdefs.h */
#define _GNU_SOURCE 1
#define _NETBSD_SOURCE 1
#define __BSD_VISIBLE 1
#define _BSD_TYPES 1
#define _DARWIN_C_SOURCE 1
#define STDC_HEADERS 1
#define HAVE_SYS_TYPES_H 1
#define HAVE_SYS_STAT_H 1
#define HAVE_STDLIB_H 1
#define HAVE_STRING_H 1
#define HAVE_MEMORY_H 1
#define HAVE_STRINGS_H 1
#define HAVE_INTTYPES_H 1
#define HAVE_STDINT_H 1
#define HAVE_UNISTD_H 1
#define __EXTENSIONS__ 1
#define _ALL_SOURCE 1
#define _GNU_SOURCE 1
#define _POSIX_PTHREAD_SEMANTICS 1
#define _TANDEM_SOURCE 1
#define STDC_HEADERS 1

configure: caught signal 2
configure: exit 1
